<?xml version="1.0" encoding="UTF-8"?>
<!-- Generated by org.testng.reporters.JUnitReportReporter -->
<testsuite hostname="LAPTOP-5HVVEL57" failures="0" tests="1" name="com.jenkin.SampleTest" time="17.458" errors="0" timestamp="2023-11-30T12:52:48 IST" skipped="0">
  <testcase classname="com.jenkin.SampleTest" name="m1Test" time="17.458"/>
  <system-out/>
</testsuite> <!-- com.jenkin.SampleTest -->
